<?xml version="1.0" encoding="UTF-8"?>
<!-- Generated by org.testng.reporters.JUnitXMLReporter -->
<testsuite ignored="1" hostname="LAPTOP-K76LP1TT" failures="1" tests="1" name="Voice_Of_The_Customer" time="8.403" errors="0" timestamp="2023-05-04T15:36:17 PDT">
  <testcase classname="com.languageLine.testCases.CheckoutTests" name="sonyDemo" time="1.345">
    <failure type="junit.framework.ComparisonFailure" message="expected:&amp;lt;...iki/Selenium_(software)#Selenium_WebDriver&amp;gt; but was:&amp;lt;.../index.php?title=Special:CreateAccount&amp;amp;returnto=Selenium+%28software%29&amp;gt;">
      <![CDATA[junit.framework.ComparisonFailure: expected:<...iki/Selenium_(software)#Selenium_WebDriver> but was:<.../index.php?title=Special:CreateAccount&returnto=Selenium+%28software%29>
at junit.framework.Assert.assertEquals(Assert.java:81)
at junit.framework.Assert.assertEquals(Assert.java:87)
at com.languageLine.testCases.CheckoutTests.sonyDemo(CheckoutTests.java:35)
at java.base/java.util.ArrayList.forEach(ArrayList.java:1511)
... Removed 25 stack frames]]>
    </failure>
  </testcase> <!-- sonyDemo -->
  <testcase classname="com.languageLine.testCases.CheckoutTests" name="fillInAllRequiredFieldsAndPurchaseItems" time="0.0">
    <ignored/>
  </testcase> <!-- fillInAllRequiredFieldsAndPurchaseItems -->
</testsuite> <!-- Voice_Of_The_Customer -->
