<?xml version="1.0" encoding="UTF-8"?>
<testng-results ignored="1" total="2" passed="0" failed="1" skipped="0">
  <reporter-output>
  </reporter-output>
  <suite started-at="2023-05-04T15:36:08 PDT" name="languageLine" finished-at="2023-05-04T15:36:16 PDT" duration-ms="8403">
    <groups>
    </groups>
    <test started-at="2023-05-04T15:36:08 PDT" name="Voice_Of_The_Customer" finished-at="2023-05-04T15:36:16 PDT" duration-ms="8403">
      <class name="com.languageLine.testCases.CheckoutTests">
        <test-method is-config="true" signature="setup(java.lang.String)[pri:0, instance:com.languageLine.testCases.CheckoutTests@5c5eefef]" started-at="2023-05-04T15:36:08 PDT" name="setup" finished-at="2023-05-04T15:36:14 PDT" duration-ms="5668" status="PASS">
          <params>
            <param index="0">
              <value>
                <![CDATA[firefox]]>
              </value>
            </param>
          </params>
          <reporter-output>
          </reporter-output>
        </test-method> <!-- setup -->
        <test-method signature="sonyDemo()[pri:0, instance:com.languageLine.testCases.CheckoutTests@5c5eefef]" started-at="2023-05-04T15:36:14 PDT" name="sonyDemo" finished-at="2023-05-04T15:36:15 PDT" duration-ms="1345" status="FAIL">
          <exception class="junit.framework.ComparisonFailure">
            <message>
              <![CDATA[expected:<...iki/Selenium_(software)#Selenium_WebDriver> but was:<.../index.php?title=Special:CreateAccount&returnto=Selenium+%28software%29>]]>
            </message>
            <full-stacktrace>
              <![CDATA[junit.framework.ComparisonFailure: expected:<...iki/Selenium_(software)#Selenium_WebDriver> but was:<.../index.php?title=Special:CreateAccount&returnto=Selenium+%28software%29>
at junit.framework.Assert.assertEquals(Assert.java:81)
at junit.framework.Assert.assertEquals(Assert.java:87)
at com.languageLine.testCases.CheckoutTests.sonyDemo(CheckoutTests.java:35)
at java.base/jdk.internal.reflect.DirectMethodHandleAccessor.invoke(DirectMethodHandleAccessor.java:104)
at java.base/java.lang.reflect.Method.invoke(Method.java:578)
at org.testng.internal.invokers.MethodInvocationHelper.invokeMethod(MethodInvocationHelper.java:139)
at org.testng.internal.invokers.TestInvoker.invokeMethod(TestInvoker.java:677)
at org.testng.internal.invokers.TestInvoker.invokeTestMethod(TestInvoker.java:221)
at org.testng.internal.invokers.MethodRunner.runInSequence(MethodRunner.java:50)
at org.testng.internal.invokers.TestInvoker$MethodInvocationAgent.invoke(TestInvoker.java:962)
at org.testng.internal.invokers.TestInvoker.invokeTestMethods(TestInvoker.java:194)
at org.testng.internal.invokers.TestMethodWorker.invokeTestMethods(TestMethodWorker.java:148)
at org.testng.internal.invokers.TestMethodWorker.run(TestMethodWorker.java:128)
at java.base/java.util.ArrayList.forEach(ArrayList.java:1511)
at org.testng.TestRunner.privateRun(TestRunner.java:806)
at org.testng.TestRunner.run(TestRunner.java:601)
at org.testng.SuiteRunner.runTest(SuiteRunner.java:433)
at org.testng.SuiteRunner.runSequentially(SuiteRunner.java:427)
at org.testng.SuiteRunner.privateRun(SuiteRunner.java:387)
at org.testng.SuiteRunner.run(SuiteRunner.java:330)
at org.testng.SuiteRunnerWorker.runSuite(SuiteRunnerWorker.java:52)
at org.testng.SuiteRunnerWorker.run(SuiteRunnerWorker.java:95)
at org.testng.TestNG.runSuitesSequentially(TestNG.java:1256)
at org.testng.TestNG.runSuitesLocally(TestNG.java:1176)
at org.testng.TestNG.runSuites(TestNG.java:1099)
at org.testng.TestNG.run(TestNG.java:1067)
at org.testng.remote.AbstractRemoteTestNG.run(AbstractRemoteTestNG.java:115)
at org.testng.remote.RemoteTestNG.initAndRun(RemoteTestNG.java:251)
at org.testng.remote.RemoteTestNG.main(RemoteTestNG.java:77)
]]>
            </full-stacktrace>
          </exception> <!-- junit.framework.ComparisonFailure -->
          <reporter-output>
          </reporter-output>
        </test-method> <!-- sonyDemo -->
        <test-method is-config="true" signature="tearDown()[pri:0, instance:com.languageLine.testCases.CheckoutTests@5c5eefef]" started-at="2023-05-04T15:36:15 PDT" name="tearDown" finished-at="2023-05-04T15:36:16 PDT" duration-ms="1086" status="PASS">
          <reporter-output>
          </reporter-output>
        </test-method> <!-- tearDown -->
      </class> <!-- com.languageLine.testCases.CheckoutTests -->
    </test> <!-- Voice_Of_The_Customer -->
  </suite> <!-- languageLine -->
</testng-results>
